Loading isochrone set...
	Loading Isochrone for Z = 0.010000...
	Loading Isochrone for Z = 0.015200...
	Loading Isochrone for Z = 0.020000...
Binary properties:
	a = 0.148857 AU
	ac = 0.473502 AU
	e = 0.300000
	P = 20.000000 days
	n = 0.314159 rad/day
	Psync = 12.844149 days
	tau = 1.000000 Gyr
	HZ =  0.285437928772 0.496160752106 0.496160752106 0.706883575439
Test planet:
	ap = 1.500000 AU
	ep = 0.100000
	Main component:
		Z = 0.015420
		M = 0.550000 Msun
		T = 4139.364459 K
		R = 0.480494 Rsun
		Rmin,Rmax = 0.477170,0.869505 Rsun
		L = 0.059809 Lsun
		Pmax = 0.051996 days
		Pini = 0.995591 days
		Omega_ini = 6.311013 rad/day
		Prot = 11.377437 days
		HZ =  0.194849732599 0.244559249919 0.345861283927 0.496872835256
	Secondary component:
		Z = 0.015420
		M = 0.550000 Msun
		T = 4139.364459 K
		R = 0.480494 Rsun
		Rmin,Rmax = 0.477170,0.869505 Rsun
		L = 0.059809 Lsun
		Pmax = 0.051996 days
		Pini = 0.995591 days
		Omega_ini = 6.311013 rad/day
		Prot = 11.377437 days
		HZ =  0.194849732599 0.244559249919 0.345861283927 0.496872835256

 Tidal properties:
	Main component:
		Hut synchronization time: 1.189949e+01 Gyr
		Hut tidal acceleration: -1.946481e-22 s^-1
	Secondary component:
		Hut synchronization time: 1.189949e+01 Gyr
		Hut tidal acceleration: -1.946481e-22 s^-1

 Calculating the continuous Habitable Zone...
	From scratch...
Maximum age of the system: 12.500
Inner edge of CHZ (0.301) is inside critical distance (0.474).  Changed.
Continuous Binary HZ:  0.473501778127 0.702000787354
Continuous Single Primary HZ:  0.206822453516 0.493865775007
 Tidal integration:
	Computing from scratch...
	Tau = 1.100000e-02
		Tidal acceleration: Acc1 = -4.589211e-21, Acc2 = -4.589211e-21
		Mass-loss acceleration: Acc1 = -3.935471e-20, Acc2 = -3.935471e-20
		Total acceleration: Acc1 = -4.394392e-20, Acc2 = -4.394392e-20
		Instantaneous periods: P1 = 1.01484459416039829e+00, P2 = 1.01484459416039829e+00
		Last report:0.000000e+00
	Tau = 5.110000e-01
		Tidal acceleration: Acc1 = -1.109705e-23, Acc2 = -1.109705e-23
		Mass-loss acceleration: Acc1 = -4.642633e-22, Acc2 = -4.642633e-22
		Total acceleration: Acc1 = -4.753604e-22, Acc2 = -4.753604e-22
		Instantaneous periods: P1 = 7.11197694402918579e+00, P2 = 7.11197694402918579e+00
		Last report:5.000000e-01
	Tau = 1.011000e+00
		Tidal acceleration: Acc1 = -1.069330e-24, Acc2 = -1.069330e-24
		Mass-loss acceleration: Acc1 = -1.451652e-22, Acc2 = -1.451652e-22
		Total acceleration: Acc1 = -1.462345e-22, Acc2 = -1.462345e-22
		Instantaneous periods: P1 = 1.19468596022864109e+01, P2 = 1.19468596022864109e+01
		Last report:5.000000e-01
	Tau = 1.511000e+00
		Tidal acceleration: Acc1 = 2.989122e-24, Acc2 = 2.989122e-24
		Mass-loss acceleration: Acc1 = -7.337207e-23, Acc2 = -7.337207e-23
		Total acceleration: Acc1 = -7.038295e-23, Acc2 = -7.038295e-23
		Instantaneous periods: P1 = 1.62052325024957611e+01, P2 = 1.62052325024957611e+01
		Last report:5.000000e-01
	Tau = 2.011000e+00
		Tidal acceleration: Acc1 = 5.275948e-24, Acc2 = 5.275948e-24
		Mass-loss acceleration: Acc1 = -4.600291e-23, Acc2 = -4.600291e-23
		Total acceleration: Acc1 = -4.072696e-23, Acc2 = -4.072696e-23
		Instantaneous periods: P1 = 1.99662299321431824e+01, P2 = 1.99662299321431824e+01
		Last report:5.000000e-01
	Tau = 2.511000e+00
		Tidal acceleration: Acc1 = 6.786475e-24, Acc2 = 6.786475e-24
		Mass-loss acceleration: Acc1 = -3.274457e-23, Acc2 = -3.274457e-23
		Total acceleration: Acc1 = -2.595809e-23, Acc2 = -2.595809e-23
		Instantaneous periods: P1 = 2.32447167118779241e+01, P2 = 2.32447167118779241e+01
		Last report:5.000000e-01
	Tau = 3.011000e+00
		Tidal acceleration: Acc1 = 7.806149e-24, Acc2 = 7.806149e-24
		Mass-loss acceleration: Acc1 = -2.537059e-23, Acc2 = -2.537059e-23
		Total acceleration: Acc1 = -1.756444e-23, Acc2 = -1.756444e-23
		Instantaneous periods: P1 = 2.60548095051511694e+01, P2 = 2.60548095051511694e+01
		Last report:5.000000e-01
	Tau = 3.511000e+00
		Tidal acceleration: Acc1 = 8.557029e-24, Acc2 = 8.557029e-24
		Mass-loss acceleration: Acc1 = -2.088589e-23, Acc2 = -2.088589e-23
		Total acceleration: Acc1 = -1.232887e-23, Acc2 = -1.232887e-23
		Instantaneous periods: P1 = 2.84235419085678060e+01, P2 = 2.84235419085678060e+01
		Last report:5.000000e-01
	Tau = 4.011000e+00
		Tidal acceleration: Acc1 = 9.143044e-24, Acc2 = 9.143044e-24
		Mass-loss acceleration: Acc1 = -1.799189e-23, Acc2 = -1.799189e-23
		Total acceleration: Acc1 = -8.848842e-24, Acc2 = -8.848842e-24
		Instantaneous periods: P1 = 3.03848747222683677e+01, P2 = 3.03848747222683677e+01
		Last report:5.000000e-01
	Tau = 4.511000e+00
		Tidal acceleration: Acc1 = 9.609485e-24, Acc2 = 9.609485e-24
		Mass-loss acceleration: Acc1 = -1.604762e-23, Acc2 = -1.604762e-23
		Total acceleration: Acc1 = -6.438131e-24, Acc2 = -6.438131e-24
		Instantaneous periods: P1 = 3.19799499669725833e+01, P2 = 3.19799499669725833e+01
		Last report:5.000000e-01
