Loading isochrone set...
	Loading Isochrone for Z = 0.010000...
	Loading Isochrone for Z = 0.015200...
	Loading Isochrone for Z = 0.020000...
Binary properties:
	a = 0.133164 AU
	ac = 0.442635 AU
	e = 0.300000
	P = 15.000000 days
	n = 0.418879 rad/day
	Psync = 9.633112 days
	tau = 1.000000 Gyr
	HZ =  0.504858218384 0.860996574402 0.860996574402 1.21713493042
Test planet:
	ap = 1.500000 AU
	ep = 0.100000
	Main component:
		Z = 0.015420
		M = 0.850000 Msun
		T = 5163.302849 K
		R = 0.764007 Rsun
		Rmin,Rmax = 0.750074,1.061958 Rsun
		L = 0.365937 Lsun
		Pmax = 0.083861 days
		Pini = 0.882159 days
		Omega_ini = 7.122505 rad/day
		Prot = 8.591532 days
		HZ =  0.465217465955 0.604926902098 0.796076605644 1.12693574533
	Secondary component:
		Z = 0.015420
		M = 0.550000 Msun
		T = 4139.364459 K
		R = 0.480494 Rsun
		Rmin,Rmax = 0.477170,0.869505 Rsun
		L = 0.059809 Lsun
		Pmax = 0.051996 days
		Pini = 0.995591 days
		Omega_ini = 6.311013 rad/day
		Prot = 11.377437 days
		HZ =  0.194849732599 0.244559249919 0.345861283927 0.496872835256

 Tidal properties:
	Main component:
		Hut synchronization time: 6.967243e-01 Gyr
		Hut tidal acceleration: -3.751902e-21 s^-1
	Secondary component:
		Hut synchronization time: 6.173440e-01 Gyr
		Hut tidal acceleration: -8.816766e-22 s^-1

 Calculating the continuous Habitable Zone...
	From scratch...
Maximum age of the system: 12.500
Continuous Binary HZ:  0.65805569458 1.19760377808
Continuous Single Primary HZ:  0.599887894223 1.10287218192
 Tidal integration:
	Computing from scratch...
	Tau = 1.100000e-02
		Tidal acceleration: Acc1 = -2.041835e-20, Acc2 = -2.078725e-20
		Mass-loss acceleration: Acc1 = -3.648643e-20, Acc2 = -3.935471e-20
		Total acceleration: Acc1 = -5.690478e-20, Acc2 = -6.014196e-20
		Instantaneous periods: P1 = 9.01790404651784949e-01, P2 = 1.02213092838742314e+00
		Last report:0.000000e+00
	Tau = 5.110000e-01
		Tidal acceleration: Acc1 = -1.603380e-22, Acc2 = -2.590039e-23
		Mass-loss acceleration: Acc1 = -3.465398e-22, Acc2 = -4.248120e-22
		Total acceleration: Acc1 = -5.068779e-22, Acc2 = -4.507124e-22
		Instantaneous periods: P1 = 6.90009249059746033e+00, P2 = 7.39945649695056495e+00
		Last report:5.000000e-01
	Tau = 1.011000e+00
		Tidal acceleration: Acc1 = 3.979996e-23, Acc2 = 1.746041e-23
		Mass-loss acceleration: Acc1 = -1.311906e-22, Acc2 = -1.425811e-22
		Total acceleration: Acc1 = -9.139064e-23, Acc2 = -1.251207e-22
		Instantaneous periods: P1 = 1.06339902957978900e+01, P2 = 1.20419203374645107e+01
		Last report:5.000000e-01
	Tau = 1.511000e+00
		Tidal acceleration: Acc1 = 8.403488e-23, Acc2 = 3.310235e-23
		Mass-loss acceleration: Acc1 = -1.021891e-22, Acc2 = -8.376334e-23
		Total acceleration: Acc1 = -1.815427e-23, Acc2 = -5.066099e-23
		Instantaneous periods: P1 = 1.18857077411966330e+01, P2 = 1.52706328307117118e+01
		Last report:5.000000e-01
	Tau = 2.011000e+00
		Tidal acceleration: Acc1 = 9.539595e-23, Acc2 = 4.063530e-23
		Mass-loss acceleration: Acc1 = -9.743120e-23, Acc2 = -6.365581e-23
		Total acceleration: Acc1 = -2.035253e-24, Acc2 = -2.302050e-23
		Instantaneous periods: P1 = 1.21406275336571472e+01, P2 = 1.72628331497488574e+01
		Last report:5.000000e-01
	Tau = 2.511000e+00
		Tidal acceleration: Acc1 = 9.905798e-23, Acc2 = 4.481888e-23
		Mass-loss acceleration: Acc1 = -9.753991e-23, Acc2 = -5.542125e-23
		Total acceleration: Acc1 = 1.518068e-24, Acc2 = -1.060236e-23
		Instantaneous periods: P1 = 1.21343528702441574e+01, P2 = 1.83648848708514230e+01
		Last report:5.000000e-01
	Tau = 3.011000e+00
		Tidal acceleration: Acc1 = 1.011015e-22, Acc2 = 4.696777e-23
		Mass-loss acceleration: Acc1 = -9.872774e-23, Acc2 = -5.183457e-23
		Total acceleration: Acc1 = 2.373739e-24, Acc2 = -4.866805e-24
		Instantaneous periods: P1 = 1.20688480340114790e+01, P2 = 1.89220726252927953e+01
		Last report:5.000000e-01
	Tau = 3.511000e+00
		Tidal acceleration: Acc1 = 1.026589e-22, Acc2 = 4.828718e-23
		Mass-loss acceleration: Acc1 = -1.001572e-22, Acc2 = -5.029064e-23
		Total acceleration: Acc1 = 2.501737e-24, Acc2 = -2.003461e-24
		Instantaneous periods: P1 = 1.19915725122919721e+01, P2 = 1.91793596264535786e+01
		Last report:5.000000e-01
	Tau = 4.011000e+00
		Tidal acceleration: Acc1 = 1.042289e-22, Acc2 = 4.922706e-23
		Mass-loss acceleration: Acc1 = -1.016555e-22, Acc2 = -4.974226e-23
		Total acceleration: Acc1 = 2.573420e-24, Acc2 = -5.152008e-25
		Instantaneous periods: P1 = 1.19122738807563380e+01, P2 = 1.92734366942545137e+01
		Last report:5.000000e-01
	Tau = 4.511000e+00
		Tidal acceleration: Acc1 = 1.058223e-22, Acc2 = 4.993402e-23
		Mass-loss acceleration: Acc1 = -1.032028e-22, Acc2 = -4.969789e-23
		Total acceleration: Acc1 = 2.619522e-24, Acc2 = 2.361295e-25
		Instantaneous periods: P1 = 1.18321384572717818e+01, P2 = 1.92810117931658240e+01
		Last report:5.000000e-01
