URL: FeH=0&Z=0&M1=0.85&M2=0.85&Pbin=12&e=0.2&tau=1&Mp=1&ap=1.5&ep=0.1&qbasic=on&qhz=on&qchz=on&qintegration=on&tautot=5&zsvec=ZSVEC_siblings&earlywind=trend&qsaved=1&confname=Niche+07%2C+Twin+and+0.85%2C+P+%3D+12+days%2C+e+%3D+0.2&submit=submit&parts_0=534ac99c5c026e0066360ebe07e089d7&parts_1=399.584990919&parts_2=5163.30284866&parts_3=0.764006758077&parts_4=0.365936556882&parts_5=0.750074311332&parts_6=1.06195832554&parts_7=0.882159427709&parts_8=8.59153178319&parts_9=0.465217465955&parts_10=0.604926902098&parts_11=0.796076605644&parts_12=1.12693574533&parts_13=399.584990919&parts_14=5163.30284866&parts_15=0.764006758077&parts_16=0.365936556882&parts_17=0.750074311332&parts_18=1.06195832554&parts_19=0.882159427709&parts_20=8.59153178319&parts_21=0.465217465955&parts_22=0.604926902098&parts_23=0.796076605644&parts_24=1.12693574533&parts_25=0.122429975848&parts_26=0.359674783046&parts_27=1.24190625461&parts_28=9.66256507323&parts_29=0.660497088623&parts_30=1.12741369934&parts_31=1.12741369934&parts_32=1.59433031006&parts_33=0.254531554063&parts_34=0.254531554063&parts_35=0.01541979911&save

FeH=0
Z=0
M1=0.85
M2=0.85
Pbin=12
e=0.2
tau=1
Mp=1
ap=1.5
ep=0.1
qbasic=on
qhz=on
qchz=on
qintegration=on
tautot=5
zsvec=ZSVEC_siblings
earlywind=trend
qsaved=1
confname=Niche 07, Twin and 0.85, P = 12 days, e = 0.2
submit=submit
parts_0=534ac99c5c026e0066360ebe07e089d7
parts_1=399.584990919
parts_2=5163.30284866
parts_3=0.764006758077
parts_4=0.365936556882
parts_5=0.750074311332
parts_6=1.06195832554
parts_7=0.882159427709
parts_8=8.59153178319
parts_9=0.465217465955
parts_10=0.604926902098
parts_11=0.796076605644
parts_12=1.12693574533
parts_13=399.584990919
parts_14=5163.30284866
parts_15=0.764006758077
parts_16=0.365936556882
parts_17=0.750074311332
parts_18=1.06195832554
parts_19=0.882159427709
parts_20=8.59153178319
parts_21=0.465217465955
parts_22=0.604926902098
parts_23=0.796076605644
parts_24=1.12693574533
parts_25=0.122429975848
parts_26=0.359674783046
parts_27=1.24190625461
parts_28=9.66256507323
parts_29=0.660497088623
parts_30=1.12741369934
parts_31=1.12741369934
parts_32=1.59433031006
parts_33=0.254531554063
parts_34=0.254531554063
parts_35=0.01541979911
save=
