URL: FeH=0&Z=0&M1=1&M2=0.85&Pbin=20&e=0.5&tau=1&Mp=1&ap=1.5&ep=0.1&qbasic=on&qhz=on&qchz=on&qintegration=on&tautot=5&zsvec=ZSVEC_siblings&earlywind=trend&qsaved=1&confname=Niche+02%2C+Solar+and+0.85%2C+P+%3D+20+days%2C+e+%3D+0.5&submit=submit&parts_0=3d7a022db64e17021f1736bd27bd5cf5&parts_1=329.176601688&parts_2=5757.96232373&parts_3=0.913014851743&parts_4=0.808268169545&parts_5=0.884728589674&parts_6=1.16657570336&parts_7=0.833104490407&parts_8=7.71178570043&parts_9=0.675158753189&parts_10=0.899037357147&parts_11=1.13284474912&parts_12=1.59053074506&parts_13=399.584990919&parts_14=5163.30284866&parts_15=0.764006758077&parts_16=0.365936556882&parts_17=0.750074311332&parts_18=1.06195832554&parts_19=0.882159427709&parts_20=8.59153178319&parts_21=0.465217465955&parts_22=0.604926902098&parts_23=0.796076605644&parts_24=1.12693574533&parts_25=0.177022253855&parts_26=0.650699991206&parts_27=2.80536276175&parts_28=7.12920278002&parts_29=0.819187701416&parts_30=1.36789101257&parts_31=1.36789101257&parts_32=1.91659432373&parts_33=0.173878441561&parts_34=0.16420944548&parts_35=0.01541979911&save

FeH=0
Z=0
M1=1
M2=0.85
Pbin=20
e=0.5
tau=1
Mp=1
ap=1.5
ep=0.1
qbasic=on
qhz=on
qchz=on
qintegration=on
tautot=5
zsvec=ZSVEC_siblings
earlywind=trend
qsaved=1
confname=Niche 02, Solar and 0.85, P = 20 days, e = 0.5
submit=submit
parts_0=3d7a022db64e17021f1736bd27bd5cf5
parts_1=329.176601688
parts_2=5757.96232373
parts_3=0.913014851743
parts_4=0.808268169545
parts_5=0.884728589674
parts_6=1.16657570336
parts_7=0.833104490407
parts_8=7.71178570043
parts_9=0.675158753189
parts_10=0.899037357147
parts_11=1.13284474912
parts_12=1.59053074506
parts_13=399.584990919
parts_14=5163.30284866
parts_15=0.764006758077
parts_16=0.365936556882
parts_17=0.750074311332
parts_18=1.06195832554
parts_19=0.882159427709
parts_20=8.59153178319
parts_21=0.465217465955
parts_22=0.604926902098
parts_23=0.796076605644
parts_24=1.12693574533
parts_25=0.177022253855
parts_26=0.650699991206
parts_27=2.80536276175
parts_28=7.12920278002
parts_29=0.819187701416
parts_30=1.36789101257
parts_31=1.36789101257
parts_32=1.91659432373
parts_33=0.173878441561
parts_34=0.16420944548
parts_35=0.01541979911
save=
