URL: FeH=0&Z=0&M1=0.7&M2=0.55&Pbin=30&e=0.4&tau=1&Mp=1&ap=1.5&ep=0.1&qbasic=on&qhz=on&qchz=on&qintegration=on&tautot=5&zsvec=ZSVEC_siblings&earlywind=trend&qsaved=0&confname=Niche+11&submit=submit&parts_0=e0bf60721e414233f1690a1ac8302ba1&parts_1=472.782078929&parts_2=4509.97508984&parts_3=0.637398207541&parts_4=0.148296531457&parts_5=0.626293557383&parts_6=0.967513271686&parts_7=0.932465630455&parts_8=9.5868109988&parts_9=0.30328359969&parts_10=0.385092886791&parts_11=0.531132696006&parts_12=0.758981792323&parts_13=653.688807941&parts_14=4139.36445883&parts_15=0.480494190287&parts_16=0.0598092267209&parts_17=0.477170367333&parts_18=0.869504936429&parts_19=0.995590652415&parts_20=11.3774368848&parts_21=0.194849732599&parts_22=0.244559249919&parts_23=0.345861283927&parts_24=0.496872835256&parts_25=0.203548606474&parts_26=0.713123456372&parts_27=2.04506024953&parts_28=14.6694944596&parts_29=0.371802243042&parts_30=0.638219367981&parts_31=0.638219367981&parts_32=0.90463649292&parts_33=14.2075639255&parts_34=13.3067390909&parts_35=0.01541979911&save

FeH=0
Z=0
M1=0.7
M2=0.55
Pbin=30
e=0.4
tau=1
Mp=1
ap=1.5
ep=0.1
qbasic=on
qhz=on
qchz=on
qintegration=on
tautot=5
zsvec=ZSVEC_siblings
earlywind=trend
qsaved=0
confname=Niche 11, 0.70 - 0.55, P = 30 days, e = 0.4
submit=submit
parts_0=e0bf60721e414233f1690a1ac8302ba1
parts_1=472.782078929
parts_2=4509.97508984
parts_3=0.637398207541
parts_4=0.148296531457
parts_5=0.626293557383
parts_6=0.967513271686
parts_7=0.932465630455
parts_8=9.5868109988
parts_9=0.30328359969
parts_10=0.385092886791
parts_11=0.531132696006
parts_12=0.758981792323
parts_13=653.688807941
parts_14=4139.36445883
parts_15=0.480494190287
parts_16=0.0598092267209
parts_17=0.477170367333
parts_18=0.869504936429
parts_19=0.995590652415
parts_20=11.3774368848
parts_21=0.194849732599
parts_22=0.244559249919
parts_23=0.345861283927
parts_24=0.496872835256
parts_25=0.203548606474
parts_26=0.713123456372
parts_27=2.04506024953
parts_28=14.6694944596
parts_29=0.371802243042
parts_30=0.638219367981
parts_31=0.638219367981
parts_32=0.90463649292
parts_33=14.2075639255
parts_34=13.3067390909
parts_35=0.01541979911
save=
