URL: admin=1&FeH=0&Z=0&M1=1.0&M2=1.0&Pbin=15&e=0.1&tau=1&Mp=1&ap=1.5&ep=0.1&qbasic=on&qhz=on&qchz=on&qintegration=on&tautot=5&submit=submit&zsvec=ZSVEC_siblings&earlywind=trend&qsaved=0&confname=Niche+01%2C+Solar+Twins%2C+P+%3D+15+days%2C+e+%3D+0.1&parts_0=8cf88c3afbe0cacaf6b0dc13ad36aa20&parts_1=329.176601688&parts_2=5757.96232373&parts_3=0.913014851743&parts_4=0.808268169545&parts_5=0.884728589674&parts_6=1.16657570336&parts_7=0.833104490407&parts_8=7.71178570043&parts_9=0.675158753189&parts_10=0.899037357147&parts_11=1.13284474912&parts_12=1.59053074506&parts_13=329.176601688&parts_14=5757.96232373&parts_15=0.913014851743&parts_16=0.808268169545&parts_17=0.884728589674&parts_18=1.16657570336&parts_19=0.833104490407&parts_20=7.71178570043&parts_21=0.675158753189&parts_22=0.899037357147&parts_23=1.13284474912&parts_24=1.59053074506&parts_25=0.149975895551&parts_26=0.400934310973&parts_27=1.06005878647&parts_28=14.1501586435&parts_29=0.958347161865&parts_30=1.60348553772&parts_31=1.60348553772&parts_32=2.24862391357&parts_33=0.261802865114&parts_34=0.261802865114&parts_35=0.01541979911&save

admin=1
FeH=0
Z=0
M1=1.0
M2=1.0
Pbin=15
e=0.1
tau=1
Mp=1
ap=1.5
ep=0.1
qbasic=on
qhz=on
qchz=on
qintegration=on
tautot=5
submit=submit
zsvec=ZSVEC_siblings
earlywind=trend
qsaved=0
confname=Niche 01, Solar Twins, P = 15 days, e = 0.1
parts_0=8cf88c3afbe0cacaf6b0dc13ad36aa20
parts_1=329.176601688
parts_2=5757.96232373
parts_3=0.913014851743
parts_4=0.808268169545
parts_5=0.884728589674
parts_6=1.16657570336
parts_7=0.833104490407
parts_8=7.71178570043
parts_9=0.675158753189
parts_10=0.899037357147
parts_11=1.13284474912
parts_12=1.59053074506
parts_13=329.176601688
parts_14=5757.96232373
parts_15=0.913014851743
parts_16=0.808268169545
parts_17=0.884728589674
parts_18=1.16657570336
parts_19=0.833104490407
parts_20=7.71178570043
parts_21=0.675158753189
parts_22=0.899037357147
parts_23=1.13284474912
parts_24=1.59053074506
parts_25=0.149975895551
parts_26=0.400934310973
parts_27=1.06005878647
parts_28=14.1501586435
parts_29=0.958347161865
parts_30=1.60348553772
parts_31=1.60348553772
parts_32=2.24862391357
parts_33=0.261802865114
parts_34=0.261802865114
parts_35=0.01541979911
save=
